<?xml version="1.0" encoding="UTF-8"?>
<!-- Generated by org.testng.reporters.JUnitReportReporter -->
<testsuite skipped="0" hostname="LAPTOP-1DG9OKO7" name="com.crm.orgTest.OrganizationTest" tests="2" failures="0" timestamp="2022-02-15T22:39:50 IST" time="0.000" errors="0">
  <testcase name="modifyOrgTest" time="0.000" classname="com.crm.orgTest.OrganizationTest"/>
  <system-out/>
  <testcase name="deleteOrgTest" time="0.000" classname="com.crm.orgTest.OrganizationTest"/>
  <system-out/>
</testsuite> <!-- com.crm.orgTest.OrganizationTest -->
